[debug] [2021-02-11T02:42:29.335Z] ----------------------------------------------------------------------
[debug] [2021-02-11T02:42:29.336Z] Command:       /usr/local/Cellar/node/15.3.0/bin/node /usr/local/bin/firebase deploy
[debug] [2021-02-11T02:42:29.336Z] CLI Version:   8.16.2
[debug] [2021-02-11T02:42:29.336Z] Platform:      darwin
[debug] [2021-02-11T02:42:29.336Z] Node Version:  v15.3.0
[debug] [2021-02-11T02:42:29.339Z] Time:          Thu Feb 11 2021 13:42:29 GMT+1100 (Australian Eastern Daylight Time)
[debug] [2021-02-11T02:42:29.339Z] ----------------------------------------------------------------------
[debug] [2021-02-11T02:42:29.339Z] 
[debug] [2021-02-11T02:42:29.342Z] >>> [apiv2][query] GET https://firebase-public.firebaseio.com/cli.json [none]
[debug] [2021-02-11T02:42:29.372Z] > command requires scopes: ["email","openid","https://www.googleapis.com/auth/cloudplatformprojects.readonly","https://www.googleapis.com/auth/firebase","https://www.googleapis.com/auth/cloud-platform"]
[debug] [2021-02-11T02:42:29.373Z] > authorizing via signed-in user
[debug] [2021-02-11T02:42:29.373Z] [iam] checking project sharecalculator-cea7f for permissions ["firebase.projects.get","firebasedatabase.instances.update","firebasehosting.sites.update"]
[debug] [2021-02-11T02:42:29.375Z] > refreshing access token with scopes: ["email","https://www.googleapis.com/auth/cloud-platform","https://www.googleapis.com/auth/cloudplatformprojects.readonly","https://www.googleapis.com/auth/firebase","openid"]
[debug] [2021-02-11T02:42:29.375Z] >>> HTTP REQUEST POST https://www.googleapis.com/oauth2/v3/token  
 <request body omitted>
[debug] [2021-02-11T02:42:29.694Z] <<< HTTP RESPONSE 200 {"date":"Thu, 11 Feb 2021 02:42:29 GMT","cache-control":"no-cache, no-store, max-age=0, must-revalidate","pragma":"no-cache","expires":"Mon, 01 Jan 1990 00:00:00 GMT","content-type":"application/json; charset=utf-8","vary":"X-Origin, Referer, Origin,Accept-Encoding","server":"scaffolding on HTTPServer2","x-xss-protection":"0","x-frame-options":"SAMEORIGIN","x-content-type-options":"nosniff","alt-svc":"h3-29=\":443\"; ma=2592000,h3-T051=\":443\"; ma=2592000,h3-Q050=\":443\"; ma=2592000,h3-Q046=\":443\"; ma=2592000,h3-Q043=\":443\"; ma=2592000,quic=\":443\"; ma=2592000; v=\"46,43\"","accept-ranges":"none","transfer-encoding":"chunked"}
[debug] [2021-02-11T02:42:29.721Z] >>> HTTP REQUEST POST https://cloudresourcemanager.googleapis.com/v1/projects/sharecalculator-cea7f:testIamPermissions  
 {"permissions":["firebase.projects.get","firebasedatabase.instances.update","firebasehosting.sites.update"]}
[debug] [2021-02-11T02:42:30.147Z] <<< [apiv2][status] GET https://firebase-public.firebaseio.com/cli.json 200
[debug] [2021-02-11T02:42:30.147Z] <<< [apiv2][body] GET https://firebase-public.firebaseio.com/cli.json {"cloudBuildErrorAfter":1594252800000,"cloudBuildWarnAfter":1590019200000,"defaultNode10After":1594252800000,"minVersion":"3.0.5","node8DeploysDisabledAfter":1613390400000,"node8RuntimeDisabledAfter":1615809600000,"node8WarnAfter":1600128000000}
[debug] [2021-02-11T02:42:30.286Z] <<< HTTP RESPONSE 200 {"content-type":"application/json; charset=UTF-8","vary":"X-Origin, Referer, Origin,Accept-Encoding","date":"Thu, 11 Feb 2021 02:42:30 GMT","server":"ESF","cache-control":"private","x-xss-protection":"0","x-frame-options":"SAMEORIGIN","x-content-type-options":"nosniff","server-timing":"gfet4t7; dur=210","alt-svc":"h3-29=\":443\"; ma=2592000,h3-T051=\":443\"; ma=2592000,h3-Q050=\":443\"; ma=2592000,h3-Q046=\":443\"; ma=2592000,h3-Q043=\":443\"; ma=2592000,quic=\":443\"; ma=2592000; v=\"46,43\"","accept-ranges":"none","transfer-encoding":"chunked"}
[debug] [2021-02-11T02:42:30.294Z] >>> HTTP REQUEST GET https://firebase.googleapis.com/v1beta1/projects/sharecalculator-cea7f  
 
[debug] [2021-02-11T02:42:30.849Z] <<< HTTP RESPONSE 200 {"content-type":"application/json; charset=UTF-8","vary":"X-Origin, Referer, Origin,Accept-Encoding","date":"Thu, 11 Feb 2021 02:42:30 GMT","server":"ESF","cache-control":"private","x-xss-protection":"0","x-frame-options":"SAMEORIGIN","x-content-type-options":"nosniff","alt-svc":"h3-29=\":443\"; ma=2592000,h3-T051=\":443\"; ma=2592000,h3-Q050=\":443\"; ma=2592000,h3-Q046=\":443\"; ma=2592000,h3-Q043=\":443\"; ma=2592000,quic=\":443\"; ma=2592000; v=\"46,43\"","accept-ranges":"none","transfer-encoding":"chunked"}
[debug] [2021-02-11T02:42:30.853Z] >>> HTTP REQUEST GET https://firebase.googleapis.com/v1beta1/projects/sharecalculator-cea7f  
 
[debug] [2021-02-11T02:42:31.255Z] <<< HTTP RESPONSE 200 {"content-type":"application/json; charset=UTF-8","vary":"X-Origin, Referer, Origin,Accept-Encoding","date":"Thu, 11 Feb 2021 02:42:31 GMT","server":"ESF","cache-control":"private","x-xss-protection":"0","x-frame-options":"SAMEORIGIN","x-content-type-options":"nosniff","alt-svc":"h3-29=\":443\"; ma=2592000,h3-T051=\":443\"; ma=2592000,h3-Q050=\":443\"; ma=2592000,h3-Q046=\":443\"; ma=2592000,h3-Q043=\":443\"; ma=2592000,quic=\":443\"; ma=2592000; v=\"46,43\"","accept-ranges":"none","transfer-encoding":"chunked"}
[info] 
[info] === Deploying to 'sharecalculator-cea7f'...
[info] 
[info] i  deploying database, hosting 
[info] i  database: checking rules syntax... 
[debug] [2021-02-11T02:42:31.265Z] >>> HTTP REQUEST GET https://firebasedatabase.googleapis.com/v1beta/projects/sharecalculator-cea7f/locations/-/instances/sharecalculator-cea7f  
 
[debug] [2021-02-11T02:42:32.079Z] <<< HTTP RESPONSE 200 {"content-type":"application/json; charset=UTF-8","vary":"X-Origin, Referer, Origin,Accept-Encoding","date":"Thu, 11 Feb 2021 02:42:31 GMT","server":"ESF","cache-control":"private","x-xss-protection":"0","x-frame-options":"SAMEORIGIN","x-content-type-options":"nosniff","alt-svc":"h3-29=\":443\"; ma=2592000,h3-T051=\":443\"; ma=2592000,h3-Q050=\":443\"; ma=2592000,h3-Q046=\":443\"; ma=2592000,h3-Q043=\":443\"; ma=2592000,quic=\":443\"; ma=2592000; v=\"46,43\"","accept-ranges":"none","transfer-encoding":"chunked"}
[debug] [2021-02-11T02:42:32.084Z] >>> HTTP REQUEST PUT https://sharecalculator-cea7f.firebaseio.com/.settings/rules.json?dryRun=true  
 {
  "rules": {
    "ShareList": {
      ".indexOn": ["owner"]
    },
    "invoice": {
      ".indexOn": ["date", "owner"]
    },
    "holdings": {
      ".indexOn": ["owner"]
    },
    ".read": "now < 1991042400000", // 2020-9-26
    ".write": "now < 1991042400000", // 2020-9-26
  }
}
[debug] [2021-02-11T02:42:32.793Z] <<< HTTP RESPONSE 200 {"server":"nginx","date":"Thu, 11 Feb 2021 02:42:32 GMT","content-type":"application/json; charset=utf-8","content-length":"15","connection":"keep-alive","access-control-allow-origin":"*","cache-control":"no-cache","strict-transport-security":"max-age=31556926; includeSubDomains; preload"}
[info] ✔  database: rules syntax for database sharecalculator-cea7f is valid 
[debug] [2021-02-11T02:42:32.804Z] >>> HTTP REQUEST POST https://firebasehosting.googleapis.com/v1beta1/sites/sharecalculator-cea7f/versions  
 {"config":{"rewrites":[{"glob":"**","path":"/index.html"}]},"labels":{"deployment-tool":"cli-firebase"}}
[debug] [2021-02-11T02:42:34.637Z] <<< HTTP RESPONSE 200 {"content-type":"application/json; charset=UTF-8","vary":"X-Origin, Referer, Origin,Accept-Encoding","date":"Thu, 11 Feb 2021 02:42:34 GMT","server":"ESF","cache-control":"private","x-xss-protection":"0","x-frame-options":"SAMEORIGIN","x-content-type-options":"nosniff","alt-svc":"h3-29=\":443\"; ma=2592000,h3-T051=\":443\"; ma=2592000,h3-Q050=\":443\"; ma=2592000,h3-Q046=\":443\"; ma=2592000,h3-Q043=\":443\"; ma=2592000,quic=\":443\"; ma=2592000; v=\"46,43\"","accept-ranges":"none","transfer-encoding":"chunked"}
[info] i  hosting[sharecalculator-cea7f]: beginning deploy... 
[info] i  hosting[sharecalculator-cea7f]: found 49 files in dist 
[debug] [2021-02-11T02:42:35.005Z] [hosting] hash cache [ZGlzdA] stored for 49 files
[debug] [2021-02-11T02:42:35.005Z] [hosting][hash queue][FINAL] {"max":324,"min":22,"avg":32.795918367346935,"active":0,"complete":49,"success":49,"errored":0,"retried":0,"total":49,"elapsed":336}
[debug] [2021-02-11T02:42:35.006Z] >>> HTTP REQUEST POST https://firebasehosting.googleapis.com/v1beta1/sites/sharecalculator-cea7f/versions/fe988878c2d27839:populateFiles  
 <request body omitted>
